
{'eval/walltime': 1022.5513491630554, 'eval/episode_distance_from_origin': Array(0., dtype=float32), 'eval/episode_forward_reward': Array(0., dtype=float32), 'eval/episode_reward': Array(4.2, dtype=float32), 'eval/episode_reward_alive': Array(5., dtype=float32), 'eval/episode_reward_linvel': Array(0., dtype=float32), 'eval/episode_reward_quadctrl': Array(-0.8, dtype=float32), 'eval/episode_x_position': Array(0., dtype=float32), 'eval/episode_x_velocity': Array(0., dtype=float32), 'eval/episode_y_position': Array(0., dtype=float32), 'eval/episode_y_velocity': Array(0., dtype=float32), 'eval/episode_distance_from_origin_std': Array(0., dtype=float32), 'eval/episode_forward_reward_std': Array(0., dtype=float32), 'eval/episode_reward_std': Array(0., dtype=float32), 'eval/episode_reward_alive_std': Array(0., dtype=float32), 'eval/episode_reward_linvel_std': Array(0., dtype=float32), 'eval/episode_reward_quadctrl_std': Array(0., dtype=float32), 'eval/episode_x_position_std': Array(0., dtype=float32), 'eval/episode_x_velocity_std': Array(0., dtype=float32), 'eval/episode_y_position_std': Array(0., dtype=float32), 'eval/episode_y_velocity_std': Array(0., dtype=float32), 'eval/avg_episode_length': Array(1., dtype=float32), 'eval/epoch_eval_time': 1022.5513491630554, 'eval/sps': 125.17708778612075, 'num_steps': 0}
jax.errors.SimplifiedTraceback: For simplicity, JAX has removed its internal frames from the traceback of the following exception. Set JAX_TRACEBACK_FILTERING=off to include these.
The above exception was the direct cause of the following exception:
Traceback (most recent call last):
  File "/home/jovyan/Brax-Rodent-Run/serevr_run.py", line 290, in <module>
    make_inference_fn, params, _ = train_fn(environment=env, progress_fn=wandb_progress, policy_params_fn=policy_params_fn)
  File "/opt/conda/lib/python3.10/site-packages/brax/training/agents/ppo/train.py", line 423, in train
    training_epoch_with_timing(training_state, env_state, epoch_keys)
  File "/opt/conda/lib/python3.10/site-packages/brax/training/agents/ppo/train.py", line 350, in training_epoch_with_timing
    result = training_epoch(training_state, env_state, key)
jaxlib.xla_extension.XlaRuntimeError: RESOURCE_EXHAUSTED: Out of memory while trying to allocate 1212022784 bytes.
BufferAssignment OOM Debugging.
BufferAssignment stats:
             parameter allocation:    4.22GiB
              constant allocation:   312.3KiB
        maybe_live_out allocation:    4.22GiB
     preallocated temp allocation:    1.81GiB
                 total allocation:   10.26GiB
Peak buffers:
	Buffer 1:
		Size: 1.13GiB
		XLA Label: fusion
		Shape: f32[4096,14,5284]
		==========================
	Buffer 2:
		Size: 1.13GiB
		Entry Parameter Subshape: f32[4096,5284,14]
		==========================
	Buffer 3:
		Size: 1.13GiB
		Entry Parameter Subshape: f32[4096,5284,14]
		==========================
	Buffer 4:
		Size: 1.13GiB
		XLA Label: fusion
		Shape: f32[4096,5284,14]
		==========================
	Buffer 5:
		Size: 1.13GiB
		XLA Label: fusion
		Shape: f32[4096,5284,14]
		==========================
	Buffer 6:
		Size: 185.62MiB
		Operator: op_name="pmap(training_epoch)/jit(main)/while/body/transpose[permutation=(0, 2, 1, 3)]" source_file="/home/jovyan/Brax-Rodent-Run/serevr_run.py" source_line=290
		XLA Label: fusion
		Shape: f32[8,4096,5,297]
		==========================
	Buffer 7:
		Size: 185.62MiB
		Operator: op_name="pmap(training_epoch)/jit(main)/while/body/while/body/jit(_take)/select_n" source_file="/home/jovyan/Brax-Rodent-Run/serevr_run.py" source_line=290
		XLA Label: fusion
		Shape: f32[1,32768,5,297]
		==========================
	Buffer 8:
		Size: 185.62MiB
		Operator: op_name="pmap(training_epoch)/jit(main)/while/body/while/body/jit(_take)/select_n" source_file="/home/jovyan/Brax-Rodent-Run/serevr_run.py" source_line=290
		XLA Label: fusion
		Shape: f32[1,32768,5,297]
		==========================
	Buffer 9:
		Size: 185.48MiB
		Entry Parameter Subshape: f32[4096,1319,3,3]
		==========================
	Buffer 10:
		Size: 185.48MiB
		Entry Parameter Subshape: f32[4096,1319,3,3]
		==========================
	Buffer 11:
		Size: 185.48MiB
		XLA Label: fusion
		Shape: f32[4096,1319,3,3]
		==========================
	Buffer 12:
		Size: 185.48MiB
		Operator: op_name="pmap(training_epoch)/jit(main)/while/body/while/body/while/body/jit(f)/vmap(while)/body/while/body/step/forward/fwd_position/concatenate[dimension=1]" source_file="/home/jovyan/Brax-Rodent-Run/serevr_run.py" source_line=160
		XLA Label: fusion
		Shape: f32[4096,1319,3,3]
		==========================
	Buffer 13:
		Size: 103.05MiB
		Entry Parameter Subshape: f32[4096,1319,5]
		==========================
	Buffer 14:
		Size: 103.05MiB
		Entry Parameter Subshape: f32[4096,1319,5]
		==========================
	Buffer 15:
		Size: 103.05MiB
		Entry Parameter Subshape: f32[4096,1319,5]
		==========================